<?xml version="1.0" encoding="utf-8"?>
<CoverageSession xmlns:xsd="http://www.w3.org/2001/XMLSchema" xmlns:xsi="http://www.w3.org/2001/XMLSchema-instance" Version="0.0.0.0">
  <Summary numSequencePoints="251" visitedSequencePoints="180" numBranchPoints="0" visitedBranchPoints="0" sequenceCoverage="71.71" branchCoverage="0.0" maxCyclomaticComplexity="0" minCyclomaticComplexity="0" maxCrapScore="0" minCrapScore="0" visitedClasses="9" numClasses="15" visitedMethods="27" numMethods="48" />
  <Modules>
    <Module>
      <Summary numSequencePoints="108" visitedSequencePoints="102" numBranchPoints="0" visitedBranchPoints="0" sequenceCoverage="94.44" branchCoverage="0.0" maxCyclomaticComplexity="0" minCyclomaticComplexity="0" maxCrapScore="0" minCrapScore="0" visitedClasses="6" numClasses="7" visitedMethods="10" numMethods="13" />
      <ModuleTime>0001-01-01T00:00:00</ModuleTime>
      <ModuleName>Tests</ModuleName>
      <Files>
        <File uid="1" fullPath="C:\Users\fraul\Documents\GitHub\FoPra_ComputerSpiele2020\GamesFP20\Assets\Tests\ProjectileTest.cs" />
        <File uid="2" fullPath="C:\Users\fraul\Documents\GitHub\FoPra_ComputerSpiele2020\GamesFP20\Assets\Tests\EnemyTest.cs" />
        <File uid="3" fullPath="C:\Users\fraul\Documents\GitHub\FoPra_ComputerSpiele2020\GamesFP20\Assets\Tests\JumpLimitTest.cs" />
        <File uid="4" fullPath="C:\Users\fraul\Documents\GitHub\FoPra_ComputerSpiele2020\GamesFP20\Assets\Tests\MovementTest.cs" />
        <File uid="5" fullPath="C:\Users\fraul\Documents\GitHub\FoPra_ComputerSpiele2020\GamesFP20\Assets\Tests\TestScriptTemplate.cs" />
        <File uid="6" fullPath="C:\Users\fraul\Documents\GitHub\FoPra_ComputerSpiele2020\GamesFP20\Assets\Tests\WaspTest.cs" />
      </Files>
      <Classes>
        <Class>
          <Summary numSequencePoints="6" visitedSequencePoints="0" numBranchPoints="0" visitedBranchPoints="0" sequenceCoverage="0.0" branchCoverage="0.0" maxCyclomaticComplexity="0" minCyclomaticComplexity="0" maxCrapScore="0" minCrapScore="0" visitedClasses="0" numClasses="1" visitedMethods="0" numMethods="3" />
          <FullName>ProjectileTest</FullName>
          <Methods>
            <Method visited="false" cyclomaticComplexity="0" nPathComplexity="0" sequenceCoverage="0.0" branchCoverage="0" crapScore="0" isConstructor="false" isStatic="false" isGetter="false" isSetter="false">
              <Summary numSequencePoints="2" visitedSequencePoints="0" numBranchPoints="0" visitedBranchPoints="0" sequenceCoverage="0.0" branchCoverage="0" maxCyclomaticComplexity="0" minCyclomaticComplexity="0" maxCrapScore="0" minCrapScore="0" visitedClasses="0" numClasses="0" visitedMethods="0" numMethods="1" />
              <MetadataToken>100663297</MetadataToken>
              <Name>System.Void ProjectileTest::TestDamageDealt()</Name>
              <FileRef uid="1" />
              <SequencePoints>
                <SequencePoint vc="0" uspid="1" ordinal="0" offset="0" sl="8" sc="0" el="8" ec="0" bec="0" bev="0" fileid="1" />
                <SequencePoint vc="0" uspid="2" ordinal="0" offset="1" sl="11" sc="0" el="11" ec="0" bec="0" bev="0" fileid="1" />
              </SequencePoints>
              <BranchPoints />
            </Method>
            <Method visited="false" cyclomaticComplexity="0" nPathComplexity="0" sequenceCoverage="0.0" branchCoverage="0" crapScore="0" isConstructor="false" isStatic="false" isGetter="false" isSetter="false">
              <Summary numSequencePoints="2" visitedSequencePoints="0" numBranchPoints="0" visitedBranchPoints="0" sequenceCoverage="0.0" branchCoverage="0" maxCyclomaticComplexity="0" minCyclomaticComplexity="0" maxCrapScore="0" minCrapScore="0" visitedClasses="0" numClasses="0" visitedMethods="0" numMethods="1" />
              <MetadataToken>100663298</MetadataToken>
              <Name>System.Void ProjectileTest::TestDyingOnCollisionWithPlayer()</Name>
              <FileRef uid="1" />
              <SequencePoints>
                <SequencePoint vc="0" uspid="3" ordinal="0" offset="0" sl="13" sc="0" el="13" ec="0" bec="0" bev="0" fileid="1" />
                <SequencePoint vc="0" uspid="4" ordinal="0" offset="1" sl="16" sc="0" el="16" ec="0" bec="0" bev="0" fileid="1" />
              </SequencePoints>
              <BranchPoints />
            </Method>
            <Method visited="false" cyclomaticComplexity="0" nPathComplexity="0" sequenceCoverage="0.0" branchCoverage="0" crapScore="0" isConstructor="false" isStatic="false" isGetter="false" isSetter="false">
              <Summary numSequencePoints="2" visitedSequencePoints="0" numBranchPoints="0" visitedBranchPoints="0" sequenceCoverage="0.0" branchCoverage="0" maxCyclomaticComplexity="0" minCyclomaticComplexity="0" maxCrapScore="0" minCrapScore="0" visitedClasses="0" numClasses="0" visitedMethods="0" numMethods="1" />
              <MetadataToken>100663299</MetadataToken>
              <Name>System.Void ProjectileTest::TestDyingOnCollisionWithGround()</Name>
              <FileRef uid="1" />
              <SequencePoints>
                <SequencePoint vc="0" uspid="5" ordinal="0" offset="0" sl="18" sc="0" el="18" ec="0" bec="0" bev="0" fileid="1" />
                <SequencePoint vc="0" uspid="6" ordinal="0" offset="1" sl="21" sc="0" el="21" ec="0" bec="0" bev="0" fileid="1" />
              </SequencePoints>
              <BranchPoints />
            </Method>
          </Methods>
        </Class>
        <Class>
          <Summary numSequencePoints="9" visitedSequencePoints="9" numBranchPoints="0" visitedBranchPoints="0" sequenceCoverage="100.0" branchCoverage="0.0" maxCyclomaticComplexity="0" minCyclomaticComplexity="0" maxCrapScore="0" minCrapScore="0" visitedClasses="1" numClasses="1" visitedMethods="1" numMethods="1" />
          <FullName>Tests.EnemyTest</FullName>
          <Methods>
            <Method visited="true" cyclomaticComplexity="0" nPathComplexity="0" sequenceCoverage="100.0" branchCoverage="0" crapScore="0" isConstructor="false" isStatic="false" isGetter="false" isSetter="false">
              <Summary numSequencePoints="9" visitedSequencePoints="9" numBranchPoints="0" visitedBranchPoints="0" sequenceCoverage="100.0" branchCoverage="0" maxCyclomaticComplexity="0" minCyclomaticComplexity="0" maxCrapScore="0" minCrapScore="0" visitedClasses="0" numClasses="0" visitedMethods="1" numMethods="1" />
              <MetadataToken>100663301</MetadataToken>
              <Name>System.Void Tests.EnemyTest::EnemyBasicMovementTest()</Name>
              <FileRef uid="2" />
              <SequencePoints>
                <SequencePoint vc="1" uspid="7" ordinal="0" offset="0" sl="15" sc="9" el="15" ec="9" bec="0" bev="0" fileid="2" />
                <SequencePoint vc="1" uspid="8" ordinal="0" offset="1" sl="16" sc="13" el="16" ec="13" bec="0" bev="0" fileid="2" />
                <SequencePoint vc="1" uspid="9" ordinal="0" offset="7" sl="17" sc="13" el="17" ec="13" bec="0" bev="0" fileid="2" />
                <SequencePoint vc="1" uspid="10" ordinal="0" offset="14" sl="18" sc="13" el="18" ec="13" bec="0" bev="0" fileid="2" />
                <SequencePoint vc="1" uspid="11" ordinal="0" offset="21" sl="20" sc="13" el="20" ec="13" bec="0" bev="0" fileid="2" />
                <SequencePoint vc="1" uspid="12" ordinal="0" offset="89" sl="21" sc="13" el="21" ec="13" bec="0" bev="0" fileid="2" />
                <SequencePoint vc="1" uspid="13" ordinal="0" offset="158" sl="22" sc="13" el="22" ec="13" bec="0" bev="0" fileid="2" />
                <SequencePoint vc="1" uspid="14" ordinal="0" offset="226" sl="23" sc="13" el="23" ec="13" bec="0" bev="0" fileid="2" />
                <SequencePoint vc="1" uspid="15" ordinal="0" offset="295" sl="24" sc="9" el="24" ec="9" bec="0" bev="0" fileid="2" />
              </SequencePoints>
              <BranchPoints />
            </Method>
          </Methods>
        </Class>
        <Class>
          <Summary numSequencePoints="13" visitedSequencePoints="13" numBranchPoints="0" visitedBranchPoints="0" sequenceCoverage="100.0" branchCoverage="0.0" maxCyclomaticComplexity="0" minCyclomaticComplexity="0" maxCrapScore="0" minCrapScore="0" visitedClasses="1" numClasses="1" visitedMethods="1" numMethods="1" />
          <FullName>Tests.JumpLimitTest</FullName>
          <Methods>
            <Method visited="true" cyclomaticComplexity="0" nPathComplexity="0" sequenceCoverage="100.0" branchCoverage="0" crapScore="0" isConstructor="false" isStatic="false" isGetter="false" isSetter="false">
              <Summary numSequencePoints="13" visitedSequencePoints="13" numBranchPoints="0" visitedBranchPoints="0" sequenceCoverage="100.0" branchCoverage="0" maxCyclomaticComplexity="0" minCyclomaticComplexity="0" maxCrapScore="0" minCrapScore="0" visitedClasses="0" numClasses="0" visitedMethods="1" numMethods="1" />
              <MetadataToken>100663303</MetadataToken>
              <Name>System.Void Tests.JumpLimitTest::JumpCountTest()</Name>
              <FileRef uid="3" />
              <SequencePoints>
                <SequencePoint vc="1" uspid="16" ordinal="0" offset="0" sl="13" sc="9" el="13" ec="9" bec="0" bev="0" fileid="3" />
                <SequencePoint vc="1" uspid="17" ordinal="0" offset="1" sl="14" sc="13" el="14" ec="13" bec="0" bev="0" fileid="3" />
                <SequencePoint vc="1" uspid="18" ordinal="0" offset="17" sl="15" sc="13" el="15" ec="13" bec="0" bev="0" fileid="3" />
                <SequencePoint vc="1" uspid="19" ordinal="0" offset="24" sl="16" sc="13" el="16" ec="13" bec="0" bev="0" fileid="3" />
                <SequencePoint vc="1" uspid="20" ordinal="0" offset="31" sl="18" sc="13" el="18" ec="13" bec="0" bev="0" fileid="3" />
                <SequencePoint vc="1" uspid="21" ordinal="0" offset="43" sl="19" sc="13" el="19" ec="13" bec="0" bev="0" fileid="3" />
                <SequencePoint vc="1" uspid="22" ordinal="0" offset="56" sl="20" sc="13" el="20" ec="13" bec="0" bev="0" fileid="3" />
                <SequencePoint vc="1" uspid="23" ordinal="0" offset="86" sl="22" sc="13" el="22" ec="13" bec="0" bev="0" fileid="3" />
                <SequencePoint vc="1" uspid="24" ordinal="0" offset="110" sl="24" sc="13" el="24" ec="13" bec="0" bev="0" fileid="3" />
                <SequencePoint vc="1" uspid="25" ordinal="0" offset="122" sl="25" sc="13" el="25" ec="13" bec="0" bev="0" fileid="3" />
                <SequencePoint vc="1" uspid="26" ordinal="0" offset="130" sl="26" sc="13" el="26" ec="13" bec="0" bev="0" fileid="3" />
                <SequencePoint vc="1" uspid="27" ordinal="0" offset="143" sl="27" sc="13" el="27" ec="13" bec="0" bev="0" fileid="3" />
                <SequencePoint vc="1" uspid="28" ordinal="0" offset="175" sl="28" sc="9" el="28" ec="9" bec="0" bev="0" fileid="3" />
              </SequencePoints>
              <BranchPoints />
            </Method>
          </Methods>
        </Class>
        <Class>
          <Summary numSequencePoints="21" visitedSequencePoints="21" numBranchPoints="0" visitedBranchPoints="0" sequenceCoverage="100.0" branchCoverage="0.0" maxCyclomaticComplexity="0" minCyclomaticComplexity="0" maxCrapScore="0" minCrapScore="0" visitedClasses="1" numClasses="1" visitedMethods="2" numMethods="2" />
          <FullName>Tests.MovementTest</FullName>
          <Methods>
            <Method visited="true" cyclomaticComplexity="0" nPathComplexity="0" sequenceCoverage="100.0" branchCoverage="0" crapScore="0" isConstructor="false" isStatic="false" isGetter="false" isSetter="false">
              <Summary numSequencePoints="7" visitedSequencePoints="7" numBranchPoints="0" visitedBranchPoints="0" sequenceCoverage="100.0" branchCoverage="0" maxCyclomaticComplexity="0" minCyclomaticComplexity="0" maxCrapScore="0" minCrapScore="0" visitedClasses="0" numClasses="0" visitedMethods="1" numMethods="1" />
              <MetadataToken>100663305</MetadataToken>
              <Name>System.Void Tests.MovementTest::BasicMovementCalculationTest()</Name>
              <FileRef uid="4" />
              <SequencePoints>
                <SequencePoint vc="1" uspid="29" ordinal="0" offset="0" sl="13" sc="9" el="13" ec="9" bec="0" bev="0" fileid="4" />
                <SequencePoint vc="1" uspid="30" ordinal="0" offset="1" sl="14" sc="13" el="14" ec="13" bec="0" bev="0" fileid="4" />
                <SequencePoint vc="1" uspid="31" ordinal="0" offset="17" sl="15" sc="13" el="15" ec="13" bec="0" bev="0" fileid="4" />
                <SequencePoint vc="1" uspid="32" ordinal="0" offset="24" sl="16" sc="13" el="16" ec="13" bec="0" bev="0" fileid="4" />
                <SequencePoint vc="1" uspid="33" ordinal="0" offset="88" sl="17" sc="13" el="17" ec="13" bec="0" bev="0" fileid="4" />
                <SequencePoint vc="1" uspid="34" ordinal="0" offset="153" sl="18" sc="13" el="18" ec="13" bec="0" bev="0" fileid="4" />
                <SequencePoint vc="1" uspid="35" ordinal="0" offset="217" sl="20" sc="9" el="20" ec="9" bec="0" bev="0" fileid="4" />
              </SequencePoints>
              <BranchPoints />
            </Method>
            <Method visited="true" cyclomaticComplexity="0" nPathComplexity="0" sequenceCoverage="100.0" branchCoverage="0" crapScore="0" isConstructor="false" isStatic="false" isGetter="false" isSetter="false">
              <Summary numSequencePoints="14" visitedSequencePoints="14" numBranchPoints="0" visitedBranchPoints="0" sequenceCoverage="100.0" branchCoverage="0" maxCyclomaticComplexity="0" minCyclomaticComplexity="0" maxCrapScore="0" minCrapScore="0" visitedClasses="0" numClasses="0" visitedMethods="1" numMethods="1" />
              <MetadataToken>100663306</MetadataToken>
              <Name>System.Void Tests.MovementTest::ActualBasicMovementTest()</Name>
              <FileRef uid="4" />
              <SequencePoints>
                <SequencePoint vc="1" uspid="36" ordinal="0" offset="0" sl="24" sc="9" el="24" ec="9" bec="0" bev="0" fileid="4" />
                <SequencePoint vc="1" uspid="37" ordinal="0" offset="1" sl="25" sc="13" el="25" ec="13" bec="0" bev="0" fileid="4" />
                <SequencePoint vc="1" uspid="38" ordinal="0" offset="17" sl="26" sc="13" el="26" ec="13" bec="0" bev="0" fileid="4" />
                <SequencePoint vc="1" uspid="39" ordinal="0" offset="24" sl="27" sc="13" el="27" ec="13" bec="0" bev="0" fileid="4" />
                <SequencePoint vc="1" uspid="40" ordinal="0" offset="31" sl="29" sc="13" el="29" ec="13" bec="0" bev="0" fileid="4" />
                <SequencePoint vc="1" uspid="41" ordinal="0" offset="43" sl="30" sc="13" el="30" ec="13" bec="0" bev="0" fileid="4" />
                <SequencePoint vc="1" uspid="42" ordinal="0" offset="56" sl="31" sc="13" el="31" ec="13" bec="0" bev="0" fileid="4" />
                <SequencePoint vc="1" uspid="43" ordinal="0" offset="86" sl="33" sc="13" el="33" ec="13" bec="0" bev="0" fileid="4" />
                <SequencePoint vc="1" uspid="44" ordinal="0" offset="98" sl="34" sc="13" el="34" ec="13" bec="0" bev="0" fileid="4" />
                <SequencePoint vc="1" uspid="45" ordinal="0" offset="111" sl="35" sc="13" el="35" ec="13" bec="0" bev="0" fileid="4" />
                <SequencePoint vc="1" uspid="46" ordinal="0" offset="141" sl="37" sc="13" el="37" ec="13" bec="0" bev="0" fileid="4" />
                <SequencePoint vc="1" uspid="47" ordinal="0" offset="153" sl="38" sc="13" el="38" ec="13" bec="0" bev="0" fileid="4" />
                <SequencePoint vc="1" uspid="48" ordinal="0" offset="166" sl="39" sc="13" el="39" ec="13" bec="0" bev="0" fileid="4" />
                <SequencePoint vc="1" uspid="49" ordinal="0" offset="196" sl="40" sc="9" el="40" ec="9" bec="0" bev="0" fileid="4" />
              </SequencePoints>
              <BranchPoints />
            </Method>
          </Methods>
        </Class>
        <Class>
          <Summary numSequencePoints="2" visitedSequencePoints="2" numBranchPoints="0" visitedBranchPoints="0" sequenceCoverage="100.0" branchCoverage="0.0" maxCyclomaticComplexity="0" minCyclomaticComplexity="0" maxCrapScore="0" minCrapScore="0" visitedClasses="1" numClasses="1" visitedMethods="1" numMethods="1" />
          <FullName>Tests.NewTestScript</FullName>
          <Methods>
            <Method visited="true" cyclomaticComplexity="0" nPathComplexity="0" sequenceCoverage="100.0" branchCoverage="0" crapScore="0" isConstructor="false" isStatic="false" isGetter="false" isSetter="false">
              <Summary numSequencePoints="2" visitedSequencePoints="2" numBranchPoints="0" visitedBranchPoints="0" sequenceCoverage="100.0" branchCoverage="0" maxCyclomaticComplexity="0" minCyclomaticComplexity="0" maxCrapScore="0" minCrapScore="0" visitedClasses="0" numClasses="0" visitedMethods="1" numMethods="1" />
              <MetadataToken>100663308</MetadataToken>
              <Name>System.Void Tests.NewTestScript::NewTestScriptSimplePasses()</Name>
              <FileRef uid="5" />
              <SequencePoints>
                <SequencePoint vc="1" uspid="50" ordinal="0" offset="0" sl="14" sc="9" el="14" ec="9" bec="0" bev="0" fileid="5" />
                <SequencePoint vc="1" uspid="51" ordinal="0" offset="1" sl="16" sc="9" el="16" ec="9" bec="0" bev="0" fileid="5" />
              </SequencePoints>
              <BranchPoints />
            </Method>
          </Methods>
        </Class>
        <Class>
          <Summary numSequencePoints="54" visitedSequencePoints="54" numBranchPoints="0" visitedBranchPoints="0" sequenceCoverage="100.0" branchCoverage="0.0" maxCyclomaticComplexity="0" minCyclomaticComplexity="0" maxCrapScore="0" minCrapScore="0" visitedClasses="1" numClasses="1" visitedMethods="4" numMethods="4" />
          <FullName>Tests.WaspTest</FullName>
          <Methods>
            <Method visited="true" cyclomaticComplexity="0" nPathComplexity="0" sequenceCoverage="100.0" branchCoverage="0" crapScore="0" isConstructor="false" isStatic="false" isGetter="false" isSetter="false">
              <Summary numSequencePoints="6" visitedSequencePoints="6" numBranchPoints="0" visitedBranchPoints="0" sequenceCoverage="100.0" branchCoverage="0" maxCyclomaticComplexity="0" minCyclomaticComplexity="0" maxCrapScore="0" minCrapScore="0" visitedClasses="0" numClasses="0" visitedMethods="1" numMethods="1" />
              <MetadataToken>100663311</MetadataToken>
              <Name>System.Void Tests.WaspTest::TestProjectileSpawning()</Name>
              <FileRef uid="6" />
              <SequencePoints>
                <SequencePoint vc="1" uspid="52" ordinal="0" offset="0" sl="14" sc="9" el="14" ec="9" bec="0" bev="0" fileid="6" />
                <SequencePoint vc="1" uspid="53" ordinal="0" offset="1" sl="15" sc="13" el="15" ec="13" bec="0" bev="0" fileid="6" />
                <SequencePoint vc="1" uspid="54" ordinal="0" offset="17" sl="16" sc="13" el="16" ec="13" bec="0" bev="0" fileid="6" />
                <SequencePoint vc="1" uspid="55" ordinal="0" offset="24" sl="17" sc="13" el="17" ec="13" bec="0" bev="0" fileid="6" />
                <SequencePoint vc="1" uspid="56" ordinal="0" offset="36" sl="18" sc="13" el="18" ec="13" bec="0" bev="0" fileid="6" />
                <SequencePoint vc="1" uspid="57" ordinal="0" offset="54" sl="20" sc="9" el="20" ec="9" bec="0" bev="0" fileid="6" />
              </SequencePoints>
              <BranchPoints />
            </Method>
            <Method visited="true" cyclomaticComplexity="0" nPathComplexity="0" sequenceCoverage="100.0" branchCoverage="0" crapScore="0" isConstructor="false" isStatic="false" isGetter="false" isSetter="false">
              <Summary numSequencePoints="17" visitedSequencePoints="17" numBranchPoints="0" visitedBranchPoints="0" sequenceCoverage="100.0" branchCoverage="0" maxCyclomaticComplexity="0" minCyclomaticComplexity="0" maxCrapScore="0" minCrapScore="0" visitedClasses="0" numClasses="0" visitedMethods="1" numMethods="1" />
              <MetadataToken>100663312</MetadataToken>
              <Name>System.Void Tests.WaspTest::TestProjectileDirection()</Name>
              <FileRef uid="6" />
              <SequencePoints>
                <SequencePoint vc="1" uspid="58" ordinal="0" offset="0" sl="25" sc="9" el="25" ec="9" bec="0" bev="0" fileid="6" />
                <SequencePoint vc="1" uspid="59" ordinal="0" offset="1" sl="26" sc="13" el="26" ec="13" bec="0" bev="0" fileid="6" />
                <SequencePoint vc="1" uspid="60" ordinal="0" offset="17" sl="27" sc="13" el="27" ec="13" bec="0" bev="0" fileid="6" />
                <SequencePoint vc="1" uspid="61" ordinal="0" offset="24" sl="28" sc="13" el="28" ec="13" bec="0" bev="0" fileid="6" />
                <SequencePoint vc="1" uspid="62" ordinal="0" offset="56" sl="29" sc="13" el="29" ec="13" bec="0" bev="0" fileid="6" />
                <SequencePoint vc="1" uspid="63" ordinal="0" offset="68" sl="30" sc="13" el="30" ec="13" bec="0" bev="0" fileid="6" />
                <SequencePoint vc="1" uspid="64" ordinal="0" offset="80" sl="31" sc="13" el="31" ec="13" bec="0" bev="0" fileid="6" />
                <SequencePoint vc="1" uspid="65" ordinal="0" offset="92" sl="33" sc="13" el="33" ec="13" bec="0" bev="0" fileid="6" />
                <SequencePoint vc="1" uspid="66" ordinal="0" offset="98" sl="34" sc="13" el="34" ec="13" bec="0" bev="0" fileid="6" />
                <SequencePoint vc="1" uspid="67" ordinal="0" offset="130" sl="37" sc="13" el="37" ec="13" bec="0" bev="0" fileid="6" />
                <SequencePoint vc="1" uspid="68" ordinal="0" offset="158" sl="38" sc="13" el="38" ec="13" bec="0" bev="0" fileid="6" />
                <SequencePoint vc="1" uspid="69" ordinal="0" offset="167" sl="39" sc="13" el="39" ec="13" bec="0" bev="0" fileid="6" />
                <SequencePoint vc="1" uspid="70" ordinal="0" offset="176" sl="41" sc="13" el="41" ec="13" bec="0" bev="0" fileid="6" />
                <SequencePoint vc="1" uspid="71" ordinal="0" offset="185" sl="42" sc="13" el="42" ec="13" bec="0" bev="0" fileid="6" />
                <SequencePoint vc="1" uspid="72" ordinal="0" offset="204" sl="45" sc="13" el="45" ec="13" bec="0" bev="0" fileid="6" />
                <SequencePoint vc="1" uspid="73" ordinal="0" offset="242" sl="46" sc="13" el="46" ec="13" bec="0" bev="0" fileid="6" />
                <SequencePoint vc="1" uspid="74" ordinal="0" offset="280" sl="47" sc="9" el="47" ec="9" bec="0" bev="0" fileid="6" />
              </SequencePoints>
              <BranchPoints />
            </Method>
            <Method visited="true" cyclomaticComplexity="0" nPathComplexity="0" sequenceCoverage="100.0" branchCoverage="0" crapScore="0" isConstructor="false" isStatic="false" isGetter="false" isSetter="false">
              <Summary numSequencePoints="17" visitedSequencePoints="17" numBranchPoints="0" visitedBranchPoints="0" sequenceCoverage="100.0" branchCoverage="0" maxCyclomaticComplexity="0" minCyclomaticComplexity="0" maxCrapScore="0" minCrapScore="0" visitedClasses="0" numClasses="0" visitedMethods="1" numMethods="1" />
              <MetadataToken>100663313</MetadataToken>
              <Name>System.Void Tests.WaspTest::TestOnlyFireInRange()</Name>
              <FileRef uid="6" />
              <SequencePoints>
                <SequencePoint vc="1" uspid="75" ordinal="0" offset="0" sl="51" sc="9" el="51" ec="9" bec="0" bev="0" fileid="6" />
                <SequencePoint vc="1" uspid="76" ordinal="0" offset="1" sl="52" sc="13" el="52" ec="13" bec="0" bev="0" fileid="6" />
                <SequencePoint vc="1" uspid="77" ordinal="0" offset="17" sl="53" sc="13" el="53" ec="13" bec="0" bev="0" fileid="6" />
                <SequencePoint vc="1" uspid="78" ordinal="0" offset="24" sl="54" sc="13" el="54" ec="13" bec="0" bev="0" fileid="6" />
                <SequencePoint vc="1" uspid="79" ordinal="0" offset="36" sl="55" sc="13" el="55" ec="13" bec="0" bev="0" fileid="6" />
                <SequencePoint vc="1" uspid="80" ordinal="0" offset="48" sl="56" sc="13" el="56" ec="13" bec="0" bev="0" fileid="6" />
                <SequencePoint vc="1" uspid="81" ordinal="0" offset="80" sl="58" sc="13" el="58" ec="13" bec="0" bev="0" fileid="6" />
                <SequencePoint vc="1" uspid="82" ordinal="0" offset="86" sl="59" sc="13" el="59" ec="13" bec="0" bev="0" fileid="6" />
                <SequencePoint vc="1" uspid="83" ordinal="0" offset="118" sl="61" sc="13" el="61" ec="13" bec="0" bev="0" fileid="6" />
                <SequencePoint vc="1" uspid="84" ordinal="0" offset="124" sl="62" sc="13" el="62" ec="13" bec="0" bev="0" fileid="6" />
                <SequencePoint vc="1" uspid="85" ordinal="0" offset="156" sl="64" sc="13" el="64" ec="13" bec="0" bev="0" fileid="6" />
                <SequencePoint vc="1" uspid="86" ordinal="0" offset="168" sl="65" sc="13" el="65" ec="13" bec="0" bev="0" fileid="6" />
                <SequencePoint vc="1" uspid="87" ordinal="0" offset="177" sl="66" sc="13" el="66" ec="13" bec="0" bev="0" fileid="6" />
                <SequencePoint vc="1" uspid="88" ordinal="0" offset="189" sl="67" sc="13" el="67" ec="13" bec="0" bev="0" fileid="6" />
                <SequencePoint vc="1" uspid="89" ordinal="0" offset="198" sl="69" sc="13" el="69" ec="13" bec="0" bev="0" fileid="6" />
                <SequencePoint vc="1" uspid="90" ordinal="0" offset="207" sl="70" sc="13" el="70" ec="13" bec="0" bev="0" fileid="6" />
                <SequencePoint vc="1" uspid="91" ordinal="0" offset="216" sl="71" sc="9" el="71" ec="9" bec="0" bev="0" fileid="6" />
              </SequencePoints>
              <BranchPoints />
            </Method>
            <Method visited="true" cyclomaticComplexity="0" nPathComplexity="0" sequenceCoverage="100.0" branchCoverage="0" crapScore="0" isConstructor="false" isStatic="false" isGetter="false" isSetter="false">
              <Summary numSequencePoints="14" visitedSequencePoints="14" numBranchPoints="0" visitedBranchPoints="0" sequenceCoverage="100.0" branchCoverage="0" maxCyclomaticComplexity="0" minCyclomaticComplexity="0" maxCrapScore="0" minCrapScore="0" visitedClasses="0" numClasses="0" visitedMethods="1" numMethods="1" />
              <MetadataToken>100663314</MetadataToken>
              <Name>System.Void Tests.WaspTest::TestOnlyFireAfterCooldownTime()</Name>
              <FileRef uid="6" />
              <SequencePoints>
                <SequencePoint vc="1" uspid="92" ordinal="0" offset="0" sl="75" sc="9" el="75" ec="9" bec="0" bev="0" fileid="6" />
                <SequencePoint vc="1" uspid="93" ordinal="0" offset="1" sl="76" sc="13" el="76" ec="13" bec="0" bev="0" fileid="6" />
                <SequencePoint vc="1" uspid="94" ordinal="0" offset="17" sl="77" sc="13" el="77" ec="13" bec="0" bev="0" fileid="6" />
                <SequencePoint vc="1" uspid="95" ordinal="0" offset="24" sl="78" sc="13" el="78" ec="13" bec="0" bev="0" fileid="6" />
                <SequencePoint vc="1" uspid="96" ordinal="0" offset="36" sl="79" sc="13" el="79" ec="13" bec="0" bev="0" fileid="6" />
                <SequencePoint vc="1" uspid="97" ordinal="0" offset="48" sl="80" sc="13" el="80" ec="13" bec="0" bev="0" fileid="6" />
                <SequencePoint vc="1" uspid="98" ordinal="0" offset="80" sl="82" sc="13" el="82" ec="13" bec="0" bev="0" fileid="6" />
                <SequencePoint vc="1" uspid="99" ordinal="0" offset="86" sl="83" sc="13" el="83" ec="13" bec="0" bev="0" fileid="6" />
                <SequencePoint vc="1" uspid="100" ordinal="0" offset="118" sl="85" sc="13" el="85" ec="13" bec="0" bev="0" fileid="6" />
                <SequencePoint vc="1" uspid="101" ordinal="0" offset="130" sl="86" sc="13" el="86" ec="13" bec="0" bev="0" fileid="6" />
                <SequencePoint vc="1" uspid="102" ordinal="0" offset="138" sl="87" sc="13" el="87" ec="13" bec="0" bev="0" fileid="6" />
                <SequencePoint vc="1" uspid="103" ordinal="0" offset="147" sl="89" sc="13" el="89" ec="13" bec="0" bev="0" fileid="6" />
                <SequencePoint vc="1" uspid="104" ordinal="0" offset="155" sl="90" sc="13" el="90" ec="13" bec="0" bev="0" fileid="6" />
                <SequencePoint vc="1" uspid="105" ordinal="0" offset="164" sl="91" sc="9" el="91" ec="9" bec="0" bev="0" fileid="6" />
              </SequencePoints>
              <BranchPoints />
            </Method>
          </Methods>
        </Class>
        <Class>
          <Summary numSequencePoints="3" visitedSequencePoints="3" numBranchPoints="0" visitedBranchPoints="0" sequenceCoverage="100.0" branchCoverage="0.0" maxCyclomaticComplexity="0" minCyclomaticComplexity="0" maxCrapScore="0" minCrapScore="0" visitedClasses="1" numClasses="1" visitedMethods="1" numMethods="1" />
          <FullName>Tests.NewTestScript/&lt;NewTestScriptWithEnumeratorPasses&gt;d__1</FullName>
          <Methods>
            <Method visited="true" cyclomaticComplexity="0" nPathComplexity="0" sequenceCoverage="100.0" branchCoverage="0" crapScore="0" isConstructor="false" isStatic="false" isGetter="false" isSetter="false">
              <Summary numSequencePoints="3" visitedSequencePoints="3" numBranchPoints="0" visitedBranchPoints="0" sequenceCoverage="100.0" branchCoverage="0" maxCyclomaticComplexity="0" minCyclomaticComplexity="0" maxCrapScore="0" minCrapScore="0" visitedClasses="0" numClasses="0" visitedMethods="1" numMethods="1" />
              <MetadataToken>100663318</MetadataToken>
              <Name>System.Boolean Tests.NewTestScript/&lt;NewTestScriptWithEnumeratorPasses&gt;d__1::MoveNext()</Name>
              <FileRef uid="5" />
              <SequencePoints>
                <SequencePoint vc="1" uspid="106" ordinal="0" offset="31" sl="22" sc="9" el="22" ec="9" bec="0" bev="0" fileid="5" />
                <SequencePoint vc="1" uspid="107" ordinal="0" offset="32" sl="25" sc="13" el="25" ec="13" bec="0" bev="0" fileid="5" />
                <SequencePoint vc="1" uspid="108" ordinal="0" offset="55" sl="26" sc="9" el="26" ec="9" bec="0" bev="0" fileid="5" />
              </SequencePoints>
              <BranchPoints />
            </Method>
          </Methods>
        </Class>
      </Classes>
    </Module>
    <Module>
      <Summary numSequencePoints="143" visitedSequencePoints="78" numBranchPoints="0" visitedBranchPoints="0" sequenceCoverage="54.55" branchCoverage="0.0" maxCyclomaticComplexity="0" minCyclomaticComplexity="0" maxCrapScore="0" minCrapScore="0" visitedClasses="3" numClasses="8" visitedMethods="17" numMethods="35" />
      <ModuleTime>0001-01-01T00:00:00</ModuleTime>
      <ModuleName>Scripts</ModuleName>
      <Files>
        <File uid="7" fullPath="C:\Users\fraul\Documents\GitHub\FoPra_ComputerSpiele2020\GamesFP20\Assets\Scripts\Game\Enemy.cs" />
        <File uid="8" fullPath="C:\Users\fraul\Documents\GitHub\FoPra_ComputerSpiele2020\GamesFP20\Assets\Scripts\Game\LevelLoader.cs" />
        <File uid="9" fullPath="C:\Users\fraul\Documents\GitHub\FoPra_ComputerSpiele2020\GamesFP20\Assets\Scripts\Game\Player.cs" />
        <File uid="10" fullPath="C:\Users\fraul\Documents\GitHub\FoPra_ComputerSpiele2020\GamesFP20\Assets\Scripts\Game\Projectile.cs" />
        <File uid="11" fullPath="C:\Users\fraul\Documents\GitHub\FoPra_ComputerSpiele2020\GamesFP20\Assets\Scripts\Game\WaspEnemy.cs" />
        <File uid="12" fullPath="C:\Users\fraul\Documents\GitHub\FoPra_ComputerSpiele2020\GamesFP20\Assets\Scripts\Menu\LevelSelectGenerator.cs" />
        <File uid="13" fullPath="C:\Users\fraul\Documents\GitHub\FoPra_ComputerSpiele2020\GamesFP20\Assets\Scripts\Menu\Menu.cs" />
      </Files>
      <Classes>
        <Class>
          <Summary numSequencePoints="19" visitedSequencePoints="11" numBranchPoints="0" visitedBranchPoints="0" sequenceCoverage="57.89" branchCoverage="0.0" maxCyclomaticComplexity="0" minCyclomaticComplexity="0" maxCrapScore="0" minCrapScore="0" visitedClasses="1" numClasses="1" visitedMethods="4" numMethods="6" />
          <FullName>Enemy</FullName>
          <Methods>
            <Method visited="true" cyclomaticComplexity="0" nPathComplexity="0" sequenceCoverage="100.0" branchCoverage="0" crapScore="0" isConstructor="false" isStatic="false" isGetter="false" isSetter="false">
              <Summary numSequencePoints="2" visitedSequencePoints="2" numBranchPoints="0" visitedBranchPoints="0" sequenceCoverage="100.0" branchCoverage="0" maxCyclomaticComplexity="0" minCyclomaticComplexity="0" maxCrapScore="0" minCrapScore="0" visitedClasses="0" numClasses="0" visitedMethods="1" numMethods="1" />
              <MetadataToken>100663297</MetadataToken>
              <Name>System.Void Enemy::Start()</Name>
              <FileRef uid="7" />
              <SequencePoints>
                <SequencePoint vc="1" uspid="109" ordinal="0" offset="0" sl="12" sc="5" el="12" ec="5" bec="0" bev="0" fileid="7" />
                <SequencePoint vc="1" uspid="110" ordinal="0" offset="1" sl="14" sc="5" el="14" ec="5" bec="0" bev="0" fileid="7" />
              </SequencePoints>
              <BranchPoints />
            </Method>
            <Method visited="true" cyclomaticComplexity="0" nPathComplexity="0" sequenceCoverage="100.0" branchCoverage="0" crapScore="0" isConstructor="false" isStatic="false" isGetter="false" isSetter="false">
              <Summary numSequencePoints="2" visitedSequencePoints="2" numBranchPoints="0" visitedBranchPoints="0" sequenceCoverage="100.0" branchCoverage="0" maxCyclomaticComplexity="0" minCyclomaticComplexity="0" maxCrapScore="0" minCrapScore="0" visitedClasses="0" numClasses="0" visitedMethods="1" numMethods="1" />
              <MetadataToken>100663298</MetadataToken>
              <Name>System.Void Enemy::Update()</Name>
              <FileRef uid="7" />
              <SequencePoints>
                <SequencePoint vc="7" uspid="111" ordinal="0" offset="0" sl="18" sc="5" el="18" ec="5" bec="0" bev="0" fileid="7" />
                <SequencePoint vc="7" uspid="112" ordinal="0" offset="1" sl="20" sc="5" el="20" ec="5" bec="0" bev="0" fileid="7" />
              </SequencePoints>
              <BranchPoints />
            </Method>
            <Method visited="false" cyclomaticComplexity="0" nPathComplexity="0" sequenceCoverage="0.0" branchCoverage="0" crapScore="0" isConstructor="false" isStatic="false" isGetter="false" isSetter="false">
              <Summary numSequencePoints="3" visitedSequencePoints="0" numBranchPoints="0" visitedBranchPoints="0" sequenceCoverage="0.0" branchCoverage="0" maxCyclomaticComplexity="0" minCyclomaticComplexity="0" maxCrapScore="0" minCrapScore="0" visitedClasses="0" numClasses="0" visitedMethods="0" numMethods="1" />
              <MetadataToken>100663299</MetadataToken>
              <Name>System.Void Enemy::Die()</Name>
              <FileRef uid="7" />
              <SequencePoints>
                <SequencePoint vc="0" uspid="113" ordinal="0" offset="0" sl="25" sc="0" el="25" ec="0" bec="0" bev="0" fileid="7" />
                <SequencePoint vc="0" uspid="114" ordinal="0" offset="1" sl="26" sc="0" el="26" ec="0" bec="0" bev="0" fileid="7" />
                <SequencePoint vc="0" uspid="115" ordinal="0" offset="13" sl="27" sc="0" el="27" ec="0" bec="0" bev="0" fileid="7" />
              </SequencePoints>
              <BranchPoints />
            </Method>
            <Method visited="false" cyclomaticComplexity="0" nPathComplexity="0" sequenceCoverage="0.0" branchCoverage="0" crapScore="0" isConstructor="false" isStatic="false" isGetter="false" isSetter="false">
              <Summary numSequencePoints="5" visitedSequencePoints="0" numBranchPoints="0" visitedBranchPoints="0" sequenceCoverage="0.0" branchCoverage="0" maxCyclomaticComplexity="0" minCyclomaticComplexity="0" maxCrapScore="0" minCrapScore="0" visitedClasses="0" numClasses="0" visitedMethods="0" numMethods="1" />
              <MetadataToken>100663300</MetadataToken>
              <Name>System.Void Enemy::Move(System.Single, System.Single)</Name>
              <FileRef uid="7" />
              <SequencePoints>
                <SequencePoint vc="0" uspid="116" ordinal="0" offset="0" sl="31" sc="0" el="31" ec="0" bec="0" bev="0" fileid="7" />
                <SequencePoint vc="0" uspid="117" ordinal="0" offset="1" sl="32" sc="0" el="32" ec="0" bec="0" bev="0" fileid="7" />
                <SequencePoint vc="0" uspid="118" ordinal="0" offset="13" sl="33" sc="0" el="33" ec="0" bec="0" bev="0" fileid="7" />
                <SequencePoint vc="0" uspid="119" ordinal="0" offset="28" sl="34" sc="0" el="34" ec="0" bec="0" bev="0" fileid="7" />
                <SequencePoint vc="0" uspid="120" ordinal="0" offset="51" sl="35" sc="0" el="35" ec="0" bec="0" bev="0" fileid="7" />
              </SequencePoints>
              <BranchPoints />
            </Method>
            <Method visited="true" cyclomaticComplexity="0" nPathComplexity="0" sequenceCoverage="100.0" branchCoverage="0" crapScore="0" isConstructor="false" isStatic="false" isGetter="false" isSetter="false">
              <Summary numSequencePoints="6" visitedSequencePoints="6" numBranchPoints="0" visitedBranchPoints="0" sequenceCoverage="100.0" branchCoverage="0" maxCyclomaticComplexity="0" minCyclomaticComplexity="0" maxCrapScore="0" minCrapScore="0" visitedClasses="0" numClasses="0" visitedMethods="1" numMethods="1" />
              <MetadataToken>100663301</MetadataToken>
              <Name>UnityEngine.Vector3 Enemy::CalculateMovement(UnityEngine.Vector3, System.Single, System.Single, System.Single)</Name>
              <FileRef uid="7" />
              <SequencePoints>
                <SequencePoint vc="4" uspid="121" ordinal="0" offset="0" sl="38" sc="5" el="38" ec="5" bec="0" bev="0" fileid="7" />
                <SequencePoint vc="4" uspid="122" ordinal="0" offset="1" sl="39" sc="3" el="39" ec="3" bec="0" bev="0" fileid="7" />
                <SequencePoint vc="4" uspid="123" ordinal="0" offset="16" sl="40" sc="9" el="40" ec="9" bec="0" bev="0" fileid="7" />
                <SequencePoint vc="4" uspid="124" ordinal="0" offset="31" sl="40" sc="51" el="40" ec="51" bec="0" bev="0" fileid="7" />
                <SequencePoint vc="4" uspid="125" ordinal="0" offset="32" sl="41" sc="3" el="41" ec="3" bec="0" bev="0" fileid="7" />
                <SequencePoint vc="4" uspid="126" ordinal="0" offset="36" sl="42" sc="2" el="42" ec="2" bec="0" bev="0" fileid="7" />
              </SequencePoints>
              <BranchPoints />
            </Method>
            <Method visited="true" cyclomaticComplexity="0" nPathComplexity="0" sequenceCoverage="100.0" branchCoverage="0" crapScore="0" isConstructor="true" isStatic="false" isGetter="false" isSetter="false">
              <Summary numSequencePoints="1" visitedSequencePoints="1" numBranchPoints="0" visitedBranchPoints="0" sequenceCoverage="100.0" branchCoverage="0" maxCyclomaticComplexity="0" minCyclomaticComplexity="0" maxCrapScore="0" minCrapScore="0" visitedClasses="0" numClasses="0" visitedMethods="1" numMethods="1" />
              <MetadataToken>100663302</MetadataToken>
              <Name>Enemy::Enemy()</Name>
              <FileRef uid="7" />
              <SequencePoints>
                <SequencePoint vc="11" uspid="127" ordinal="0" offset="0" sl="9" sc="2" el="9" ec="2" bec="0" bev="0" fileid="7" />
              </SequencePoints>
              <BranchPoints />
            </Method>
          </Methods>
        </Class>
        <Class>
          <Summary numSequencePoints="7" visitedSequencePoints="0" numBranchPoints="0" visitedBranchPoints="0" sequenceCoverage="0.0" branchCoverage="0.0" maxCyclomaticComplexity="0" minCyclomaticComplexity="0" maxCrapScore="0" minCrapScore="0" visitedClasses="0" numClasses="1" visitedMethods="0" numMethods="3" />
          <FullName>LevelLoader</FullName>
          <Methods>
            <Method visited="false" cyclomaticComplexity="0" nPathComplexity="0" sequenceCoverage="0.0" branchCoverage="0" crapScore="0" isConstructor="false" isStatic="false" isGetter="false" isSetter="false">
              <Summary numSequencePoints="4" visitedSequencePoints="0" numBranchPoints="0" visitedBranchPoints="0" sequenceCoverage="0.0" branchCoverage="0" maxCyclomaticComplexity="0" minCyclomaticComplexity="0" maxCrapScore="0" minCrapScore="0" visitedClasses="0" numClasses="0" visitedMethods="0" numMethods="1" />
              <MetadataToken>100663303</MetadataToken>
              <Name>System.Void LevelLoader::Start()</Name>
              <FileRef uid="8" />
              <SequencePoints>
                <SequencePoint vc="0" uspid="128" ordinal="0" offset="0" sl="10" sc="0" el="10" ec="0" bec="0" bev="0" fileid="8" />
                <SequencePoint vc="0" uspid="129" ordinal="0" offset="1" sl="11" sc="0" el="11" ec="0" bec="0" bev="0" fileid="8" />
                <SequencePoint vc="0" uspid="130" ordinal="0" offset="17" sl="12" sc="0" el="12" ec="0" bec="0" bev="0" fileid="8" />
                <SequencePoint vc="0" uspid="131" ordinal="0" offset="48" sl="13" sc="0" el="13" ec="0" bec="0" bev="0" fileid="8" />
              </SequencePoints>
              <BranchPoints />
            </Method>
            <Method visited="false" cyclomaticComplexity="0" nPathComplexity="0" sequenceCoverage="0.0" branchCoverage="0" crapScore="0" isConstructor="false" isStatic="false" isGetter="false" isSetter="false">
              <Summary numSequencePoints="2" visitedSequencePoints="0" numBranchPoints="0" visitedBranchPoints="0" sequenceCoverage="0.0" branchCoverage="0" maxCyclomaticComplexity="0" minCyclomaticComplexity="0" maxCrapScore="0" minCrapScore="0" visitedClasses="0" numClasses="0" visitedMethods="0" numMethods="1" />
              <MetadataToken>100663304</MetadataToken>
              <Name>System.Void LevelLoader::Update()</Name>
              <FileRef uid="8" />
              <SequencePoints>
                <SequencePoint vc="0" uspid="132" ordinal="0" offset="0" sl="17" sc="0" el="17" ec="0" bec="0" bev="0" fileid="8" />
                <SequencePoint vc="0" uspid="133" ordinal="0" offset="1" sl="19" sc="0" el="19" ec="0" bec="0" bev="0" fileid="8" />
              </SequencePoints>
              <BranchPoints />
            </Method>
            <Method visited="false" cyclomaticComplexity="0" nPathComplexity="0" sequenceCoverage="0.0" branchCoverage="0" crapScore="0" isConstructor="true" isStatic="true" isGetter="false" isSetter="false">
              <Summary numSequencePoints="1" visitedSequencePoints="0" numBranchPoints="0" visitedBranchPoints="0" sequenceCoverage="0.0" branchCoverage="0" maxCyclomaticComplexity="0" minCyclomaticComplexity="0" maxCrapScore="0" minCrapScore="0" visitedClasses="0" numClasses="0" visitedMethods="0" numMethods="1" />
              <MetadataToken>100663306</MetadataToken>
              <Name>static LevelLoader::LevelLoader()</Name>
              <FileRef uid="8" />
              <SequencePoints>
                <SequencePoint vc="0" uspid="134" ordinal="0" offset="0" sl="7" sc="0" el="7" ec="0" bec="0" bev="0" fileid="8" />
              </SequencePoints>
              <BranchPoints />
            </Method>
          </Methods>
        </Class>
        <Class>
          <Summary numSequencePoints="35" visitedSequencePoints="29" numBranchPoints="0" visitedBranchPoints="0" sequenceCoverage="82.86" branchCoverage="0.0" maxCyclomaticComplexity="0" minCyclomaticComplexity="0" maxCrapScore="0" minCrapScore="0" visitedClasses="1" numClasses="1" visitedMethods="6" numMethods="8" />
          <FullName>Player</FullName>
          <Methods>
            <Method visited="true" cyclomaticComplexity="0" nPathComplexity="0" sequenceCoverage="100.0" branchCoverage="0" crapScore="0" isConstructor="false" isStatic="false" isGetter="false" isSetter="false">
              <Summary numSequencePoints="3" visitedSequencePoints="3" numBranchPoints="0" visitedBranchPoints="0" sequenceCoverage="100.0" branchCoverage="0" maxCyclomaticComplexity="0" minCyclomaticComplexity="0" maxCrapScore="0" minCrapScore="0" visitedClasses="0" numClasses="0" visitedMethods="1" numMethods="1" />
              <MetadataToken>100663307</MetadataToken>
              <Name>System.Void Player::Start()</Name>
              <FileRef uid="9" />
              <SequencePoints>
                <SequencePoint vc="5" uspid="135" ordinal="0" offset="0" sl="15" sc="5" el="15" ec="5" bec="0" bev="0" fileid="9" />
                <SequencePoint vc="5" uspid="136" ordinal="0" offset="1" sl="16" sc="9" el="16" ec="9" bec="0" bev="0" fileid="9" />
                <SequencePoint vc="5" uspid="137" ordinal="0" offset="13" sl="17" sc="5" el="17" ec="5" bec="0" bev="0" fileid="9" />
              </SequencePoints>
              <BranchPoints />
            </Method>
            <Method visited="true" cyclomaticComplexity="0" nPathComplexity="0" sequenceCoverage="100.0" branchCoverage="0" crapScore="0" isConstructor="false" isStatic="false" isGetter="false" isSetter="false">
              <Summary numSequencePoints="4" visitedSequencePoints="4" numBranchPoints="0" visitedBranchPoints="0" sequenceCoverage="100.0" branchCoverage="0" maxCyclomaticComplexity="0" minCyclomaticComplexity="0" maxCrapScore="0" minCrapScore="0" visitedClasses="0" numClasses="0" visitedMethods="1" numMethods="1" />
              <MetadataToken>100663308</MetadataToken>
              <Name>System.Void Player::Update()</Name>
              <FileRef uid="9" />
              <SequencePoints>
                <SequencePoint vc="16" uspid="138" ordinal="0" offset="0" sl="20" sc="2" el="20" ec="2" bec="0" bev="0" fileid="9" />
                <SequencePoint vc="16" uspid="139" ordinal="0" offset="1" sl="24" sc="3" el="24" ec="3" bec="0" bev="0" fileid="9" />
                <SequencePoint vc="16" uspid="140" ordinal="0" offset="18" sl="25" sc="3" el="25" ec="3" bec="0" bev="0" fileid="9" />
                <SequencePoint vc="16" uspid="141" ordinal="0" offset="45" sl="26" sc="2" el="26" ec="2" bec="0" bev="0" fileid="9" />
              </SequencePoints>
              <BranchPoints />
            </Method>
            <Method visited="true" cyclomaticComplexity="0" nPathComplexity="0" sequenceCoverage="100.0" branchCoverage="0" crapScore="0" isConstructor="false" isStatic="false" isGetter="false" isSetter="false">
              <Summary numSequencePoints="5" visitedSequencePoints="5" numBranchPoints="0" visitedBranchPoints="0" sequenceCoverage="100.0" branchCoverage="0" maxCyclomaticComplexity="0" minCyclomaticComplexity="0" maxCrapScore="0" minCrapScore="0" visitedClasses="0" numClasses="0" visitedMethods="1" numMethods="1" />
              <MetadataToken>100663309</MetadataToken>
              <Name>System.Void Player::Move(System.Single, System.Boolean)</Name>
              <FileRef uid="9" />
              <SequencePoints>
                <SequencePoint vc="21" uspid="142" ordinal="0" offset="0" sl="29" sc="5" el="29" ec="5" bec="0" bev="0" fileid="9" />
                <SequencePoint vc="21" uspid="143" ordinal="0" offset="1" sl="30" sc="3" el="30" ec="3" bec="0" bev="0" fileid="9" />
                <SequencePoint vc="21" uspid="144" ordinal="0" offset="13" sl="31" sc="3" el="31" ec="3" bec="0" bev="0" fileid="9" />
                <SequencePoint vc="21" uspid="145" ordinal="0" offset="28" sl="32" sc="3" el="32" ec="3" bec="0" bev="0" fileid="9" />
                <SequencePoint vc="21" uspid="146" ordinal="0" offset="51" sl="33" sc="2" el="33" ec="2" bec="0" bev="0" fileid="9" />
              </SequencePoints>
              <BranchPoints />
            </Method>
            <Method visited="true" cyclomaticComplexity="0" nPathComplexity="0" sequenceCoverage="100.0" branchCoverage="0" crapScore="0" isConstructor="false" isStatic="false" isGetter="false" isSetter="false">
              <Summary numSequencePoints="10" visitedSequencePoints="10" numBranchPoints="0" visitedBranchPoints="0" sequenceCoverage="100.0" branchCoverage="0" maxCyclomaticComplexity="0" minCyclomaticComplexity="0" maxCrapScore="0" minCrapScore="0" visitedClasses="0" numClasses="0" visitedMethods="1" numMethods="1" />
              <MetadataToken>100663310</MetadataToken>
              <Name>UnityEngine.Vector3 Player::CalculateMovement(UnityEngine.Vector3, System.Single, System.Boolean, System.Single)</Name>
              <FileRef uid="9" />
              <SequencePoints>
                <SequencePoint vc="24" uspid="147" ordinal="0" offset="0" sl="36" sc="5" el="36" ec="5" bec="0" bev="0" fileid="9" />
                <SequencePoint vc="24" uspid="148" ordinal="0" offset="1" sl="37" sc="3" el="37" ec="3" bec="0" bev="0" fileid="9" />
                <SequencePoint vc="24" uspid="149" ordinal="0" offset="16" sl="38" sc="3" el="38" ec="3" bec="0" bev="0" fileid="9" />
                <SequencePoint vc="4" uspid="150" ordinal="0" offset="21" sl="39" sc="3" el="39" ec="3" bec="0" bev="0" fileid="9" />
                <SequencePoint vc="4" uspid="151" ordinal="0" offset="22" sl="41" sc="4" el="41" ec="4" bec="0" bev="0" fileid="9" />
                <SequencePoint vc="3" uspid="152" ordinal="0" offset="32" sl="42" sc="5" el="42" ec="5" bec="0" bev="0" fileid="9" />
                <SequencePoint vc="4" uspid="153" ordinal="0" offset="45" sl="43" sc="3" el="43" ec="3" bec="0" bev="0" fileid="9" />
                <SequencePoint vc="24" uspid="154" ordinal="0" offset="46" sl="44" sc="3" el="44" ec="3" bec="0" bev="0" fileid="9" />
                <SequencePoint vc="24" uspid="155" ordinal="0" offset="66" sl="45" sc="3" el="45" ec="3" bec="0" bev="0" fileid="9" />
                <SequencePoint vc="24" uspid="156" ordinal="0" offset="70" sl="46" sc="2" el="46" ec="2" bec="0" bev="0" fileid="9" />
              </SequencePoints>
              <BranchPoints />
            </Method>
            <Method visited="false" cyclomaticComplexity="0" nPathComplexity="0" sequenceCoverage="0.0" branchCoverage="0" crapScore="0" isConstructor="false" isStatic="false" isGetter="false" isSetter="false">
              <Summary numSequencePoints="3" visitedSequencePoints="0" numBranchPoints="0" visitedBranchPoints="0" sequenceCoverage="0.0" branchCoverage="0" maxCyclomaticComplexity="0" minCyclomaticComplexity="0" maxCrapScore="0" minCrapScore="0" visitedClasses="0" numClasses="0" visitedMethods="0" numMethods="1" />
              <MetadataToken>100663311</MetadataToken>
              <Name>System.Boolean Player::getGrounded()</Name>
              <FileRef uid="9" />
              <SequencePoints>
                <SequencePoint vc="0" uspid="157" ordinal="0" offset="0" sl="49" sc="0" el="49" ec="0" bec="0" bev="0" fileid="9" />
                <SequencePoint vc="0" uspid="158" ordinal="0" offset="1" sl="50" sc="0" el="50" ec="0" bec="0" bev="0" fileid="9" />
                <SequencePoint vc="0" uspid="159" ordinal="0" offset="10" sl="51" sc="0" el="51" ec="0" bec="0" bev="0" fileid="9" />
              </SequencePoints>
              <BranchPoints />
            </Method>
            <Method visited="true" cyclomaticComplexity="0" nPathComplexity="0" sequenceCoverage="100.0" branchCoverage="0" crapScore="0" isConstructor="false" isStatic="false" isGetter="false" isSetter="false">
              <Summary numSequencePoints="3" visitedSequencePoints="3" numBranchPoints="0" visitedBranchPoints="0" sequenceCoverage="100.0" branchCoverage="0" maxCyclomaticComplexity="0" minCyclomaticComplexity="0" maxCrapScore="0" minCrapScore="0" visitedClasses="0" numClasses="0" visitedMethods="1" numMethods="1" />
              <MetadataToken>100663312</MetadataToken>
              <Name>System.Void Player::setGrounded(System.Boolean)</Name>
              <FileRef uid="9" />
              <SequencePoints>
                <SequencePoint vc="1" uspid="160" ordinal="0" offset="0" sl="54" sc="2" el="54" ec="2" bec="0" bev="0" fileid="9" />
                <SequencePoint vc="1" uspid="161" ordinal="0" offset="1" sl="55" sc="3" el="55" ec="3" bec="0" bev="0" fileid="9" />
                <SequencePoint vc="1" uspid="162" ordinal="0" offset="8" sl="56" sc="2" el="56" ec="2" bec="0" bev="0" fileid="9" />
              </SequencePoints>
              <BranchPoints />
            </Method>
            <Method visited="false" cyclomaticComplexity="0" nPathComplexity="0" sequenceCoverage="0.0" branchCoverage="0" crapScore="0" isConstructor="false" isStatic="false" isGetter="false" isSetter="false">
              <Summary numSequencePoints="3" visitedSequencePoints="0" numBranchPoints="0" visitedBranchPoints="0" sequenceCoverage="0.0" branchCoverage="0" maxCyclomaticComplexity="0" minCyclomaticComplexity="0" maxCrapScore="0" minCrapScore="0" visitedClasses="0" numClasses="0" visitedMethods="0" numMethods="1" />
              <MetadataToken>100663313</MetadataToken>
              <Name>System.Single Player::getGravity()</Name>
              <FileRef uid="9" />
              <SequencePoints>
                <SequencePoint vc="0" uspid="163" ordinal="0" offset="0" sl="59" sc="0" el="59" ec="0" bec="0" bev="0" fileid="9" />
                <SequencePoint vc="0" uspid="164" ordinal="0" offset="1" sl="60" sc="0" el="60" ec="0" bec="0" bev="0" fileid="9" />
                <SequencePoint vc="0" uspid="165" ordinal="0" offset="10" sl="61" sc="0" el="61" ec="0" bec="0" bev="0" fileid="9" />
              </SequencePoints>
              <BranchPoints />
            </Method>
            <Method visited="true" cyclomaticComplexity="0" nPathComplexity="0" sequenceCoverage="100.0" branchCoverage="0" crapScore="0" isConstructor="true" isStatic="false" isGetter="false" isSetter="false">
              <Summary numSequencePoints="4" visitedSequencePoints="4" numBranchPoints="0" visitedBranchPoints="0" sequenceCoverage="100.0" branchCoverage="0" maxCyclomaticComplexity="0" minCyclomaticComplexity="0" maxCrapScore="0" minCrapScore="0" visitedClasses="0" numClasses="0" visitedMethods="1" numMethods="1" />
              <MetadataToken>100663314</MetadataToken>
              <Name>Player::Player()</Name>
              <FileRef uid="9" />
              <SequencePoints>
                <SequencePoint vc="4" uspid="166" ordinal="0" offset="0" sl="5" sc="2" el="5" ec="2" bec="0" bev="0" fileid="9" />
                <SequencePoint vc="4" uspid="167" ordinal="0" offset="11" sl="6" sc="2" el="6" ec="2" bec="0" bev="0" fileid="9" />
                <SequencePoint vc="4" uspid="168" ordinal="0" offset="22" sl="7" sc="2" el="7" ec="2" bec="0" bev="0" fileid="9" />
                <SequencePoint vc="4" uspid="169" ordinal="0" offset="33" sl="10" sc="2" el="10" ec="2" bec="0" bev="0" fileid="9" />
              </SequencePoints>
              <BranchPoints />
            </Method>
          </Methods>
        </Class>
        <Class>
          <Summary numSequencePoints="4" visitedSequencePoints="0" numBranchPoints="0" visitedBranchPoints="0" sequenceCoverage="0.0" branchCoverage="0.0" maxCyclomaticComplexity="0" minCyclomaticComplexity="0" maxCrapScore="0" minCrapScore="0" visitedClasses="0" numClasses="1" visitedMethods="0" numMethods="2" />
          <FullName>Projectile</FullName>
          <Methods>
            <Method visited="false" cyclomaticComplexity="0" nPathComplexity="0" sequenceCoverage="0.0" branchCoverage="0" crapScore="0" isConstructor="false" isStatic="false" isGetter="false" isSetter="false">
              <Summary numSequencePoints="2" visitedSequencePoints="0" numBranchPoints="0" visitedBranchPoints="0" sequenceCoverage="0.0" branchCoverage="0" maxCyclomaticComplexity="0" minCyclomaticComplexity="0" maxCrapScore="0" minCrapScore="0" visitedClasses="0" numClasses="0" visitedMethods="0" numMethods="1" />
              <MetadataToken>100663315</MetadataToken>
              <Name>System.Void Projectile::Start()</Name>
              <FileRef uid="10" />
              <SequencePoints>
                <SequencePoint vc="0" uspid="170" ordinal="0" offset="0" sl="9" sc="0" el="9" ec="0" bec="0" bev="0" fileid="10" />
                <SequencePoint vc="0" uspid="171" ordinal="0" offset="1" sl="11" sc="0" el="11" ec="0" bec="0" bev="0" fileid="10" />
              </SequencePoints>
              <BranchPoints />
            </Method>
            <Method visited="false" cyclomaticComplexity="0" nPathComplexity="0" sequenceCoverage="0.0" branchCoverage="0" crapScore="0" isConstructor="false" isStatic="false" isGetter="false" isSetter="false">
              <Summary numSequencePoints="2" visitedSequencePoints="0" numBranchPoints="0" visitedBranchPoints="0" sequenceCoverage="0.0" branchCoverage="0" maxCyclomaticComplexity="0" minCyclomaticComplexity="0" maxCrapScore="0" minCrapScore="0" visitedClasses="0" numClasses="0" visitedMethods="0" numMethods="1" />
              <MetadataToken>100663316</MetadataToken>
              <Name>System.Void Projectile::Update()</Name>
              <FileRef uid="10" />
              <SequencePoints>
                <SequencePoint vc="0" uspid="172" ordinal="0" offset="0" sl="15" sc="0" el="15" ec="0" bec="0" bev="0" fileid="10" />
                <SequencePoint vc="0" uspid="173" ordinal="0" offset="1" sl="17" sc="0" el="17" ec="0" bec="0" bev="0" fileid="10" />
              </SequencePoints>
              <BranchPoints />
            </Method>
          </Methods>
        </Class>
        <Class>
          <Summary numSequencePoints="56" visitedSequencePoints="38" numBranchPoints="0" visitedBranchPoints="0" sequenceCoverage="67.86" branchCoverage="0.0" maxCyclomaticComplexity="0" minCyclomaticComplexity="0" maxCrapScore="0" minCrapScore="0" visitedClasses="1" numClasses="1" visitedMethods="7" numMethods="12" />
          <FullName>WaspEnemy</FullName>
          <Methods>
            <Method visited="false" cyclomaticComplexity="0" nPathComplexity="0" sequenceCoverage="0.0" branchCoverage="0" crapScore="0" isConstructor="false" isStatic="false" isGetter="false" isSetter="false">
              <Summary numSequencePoints="2" visitedSequencePoints="0" numBranchPoints="0" visitedBranchPoints="0" sequenceCoverage="0.0" branchCoverage="0" maxCyclomaticComplexity="0" minCyclomaticComplexity="0" maxCrapScore="0" minCrapScore="0" visitedClasses="0" numClasses="0" visitedMethods="0" numMethods="1" />
              <MetadataToken>100663318</MetadataToken>
              <Name>System.Void WaspEnemy::Start()</Name>
              <FileRef uid="11" />
              <SequencePoints>
                <SequencePoint vc="0" uspid="174" ordinal="0" offset="0" sl="17" sc="0" el="17" ec="0" bec="0" bev="0" fileid="11" />
                <SequencePoint vc="0" uspid="175" ordinal="0" offset="1" sl="19" sc="0" el="19" ec="0" bec="0" bev="0" fileid="11" />
              </SequencePoints>
              <BranchPoints />
            </Method>
            <Method visited="false" cyclomaticComplexity="0" nPathComplexity="0" sequenceCoverage="0.0" branchCoverage="0" crapScore="0" isConstructor="false" isStatic="false" isGetter="false" isSetter="false">
              <Summary numSequencePoints="7" visitedSequencePoints="0" numBranchPoints="0" visitedBranchPoints="0" sequenceCoverage="0.0" branchCoverage="0" maxCyclomaticComplexity="0" minCyclomaticComplexity="0" maxCrapScore="0" minCrapScore="0" visitedClasses="0" numClasses="0" visitedMethods="0" numMethods="1" />
              <MetadataToken>100663319</MetadataToken>
              <Name>System.Void WaspEnemy::Update()</Name>
              <FileRef uid="11" />
              <SequencePoints>
                <SequencePoint vc="0" uspid="176" ordinal="0" offset="0" sl="23" sc="0" el="23" ec="0" bec="0" bev="0" fileid="11" />
                <SequencePoint vc="0" uspid="177" ordinal="0" offset="1" sl="25" sc="0" el="25" ec="0" bec="0" bev="0" fileid="11" />
                <SequencePoint vc="0" uspid="178" ordinal="0" offset="19" sl="27" sc="0" el="27" ec="0" bec="0" bev="0" fileid="11" />
                <SequencePoint vc="0" uspid="179" ordinal="0" offset="35" sl="28" sc="0" el="28" ec="0" bec="0" bev="0" fileid="11" />
                <SequencePoint vc="0" uspid="180" ordinal="0" offset="36" sl="30" sc="0" el="30" ec="0" bec="0" bev="0" fileid="11" />
                <SequencePoint vc="0" uspid="181" ordinal="0" offset="49" sl="32" sc="0" el="32" ec="0" bec="0" bev="0" fileid="11" />
                <SequencePoint vc="0" uspid="182" ordinal="0" offset="50" sl="33" sc="0" el="33" ec="0" bec="0" bev="0" fileid="11" />
              </SequencePoints>
              <BranchPoints />
            </Method>
            <Method visited="true" cyclomaticComplexity="0" nPathComplexity="0" sequenceCoverage="100.0" branchCoverage="0" crapScore="0" isConstructor="false" isStatic="false" isGetter="false" isSetter="false">
              <Summary numSequencePoints="20" visitedSequencePoints="20" numBranchPoints="0" visitedBranchPoints="0" sequenceCoverage="100.0" branchCoverage="0" maxCyclomaticComplexity="0" minCyclomaticComplexity="0" maxCrapScore="0" minCrapScore="0" visitedClasses="0" numClasses="0" visitedMethods="1" numMethods="1" />
              <MetadataToken>100663320</MetadataToken>
              <Name>UnityEngine.GameObject WaspEnemy::shootProjectile(UnityEngine.GameObject)</Name>
              <FileRef uid="11" />
              <SequencePoints>
                <SequencePoint vc="6" uspid="183" ordinal="0" offset="0" sl="36" sc="5" el="36" ec="5" bec="0" bev="0" fileid="11" />
                <SequencePoint vc="6" uspid="184" ordinal="0" offset="1" sl="37" sc="9" el="37" ec="9" bec="0" bev="0" fileid="11" />
                <SequencePoint vc="1" uspid="185" ordinal="0" offset="21" sl="38" sc="9" el="38" ec="9" bec="0" bev="0" fileid="11" />
                <SequencePoint vc="1" uspid="186" ordinal="0" offset="22" sl="39" sc="13" el="39" ec="13" bec="0" bev="0" fileid="11" />
                <SequencePoint vc="5" uspid="187" ordinal="0" offset="30" sl="42" sc="9" el="42" ec="9" bec="0" bev="0" fileid="11" />
                <SequencePoint vc="5" uspid="188" ordinal="0" offset="31" sl="43" sc="13" el="43" ec="13" bec="0" bev="0" fileid="11" />
                <SequencePoint vc="5" uspid="189" ordinal="0" offset="42" sl="44" sc="9" el="44" ec="9" bec="0" bev="0" fileid="11" />
                <SequencePoint vc="5" uspid="190" ordinal="0" offset="43" sl="47" sc="9" el="47" ec="9" bec="0" bev="0" fileid="11" />
                <SequencePoint vc="5" uspid="191" ordinal="0" offset="56" sl="48" sc="9" el="48" ec="9" bec="0" bev="0" fileid="11" />
                <SequencePoint vc="5" uspid="192" ordinal="0" offset="69" sl="50" sc="9" el="50" ec="9" bec="0" bev="0" fileid="11" />
                <SequencePoint vc="1" uspid="193" ordinal="0" offset="83" sl="51" sc="9" el="51" ec="9" bec="0" bev="0" fileid="11" />
                <SequencePoint vc="1" uspid="194" ordinal="0" offset="84" sl="52" sc="13" el="52" ec="13" bec="0" bev="0" fileid="11" />
                <SequencePoint vc="1" uspid="195" ordinal="0" offset="90" sl="53" sc="9" el="53" ec="9" bec="0" bev="0" fileid="11" />
                <SequencePoint vc="5" uspid="196" ordinal="0" offset="91" sl="55" sc="9" el="55" ec="9" bec="0" bev="0" fileid="11" />
                <SequencePoint vc="5" uspid="197" ordinal="0" offset="99" sl="57" sc="9" el="57" ec="9" bec="0" bev="0" fileid="11" />
                <SequencePoint vc="1" uspid="198" ordinal="0" offset="114" sl="58" sc="9" el="58" ec="9" bec="0" bev="0" fileid="11" />
                <SequencePoint vc="1" uspid="199" ordinal="0" offset="115" sl="60" sc="13" el="60" ec="13" bec="0" bev="0" fileid="11" />
                <SequencePoint vc="4" uspid="200" ordinal="0" offset="120" sl="65" sc="9" el="65" ec="9" bec="0" bev="0" fileid="11" />
                <SequencePoint vc="4" uspid="201" ordinal="0" offset="181" sl="70" sc="9" el="70" ec="9" bec="0" bev="0" fileid="11" />
                <SequencePoint vc="6" uspid="202" ordinal="0" offset="186" sl="71" sc="5" el="71" ec="5" bec="0" bev="0" fileid="11" />
              </SequencePoints>
              <BranchPoints />
            </Method>
            <Method visited="true" cyclomaticComplexity="0" nPathComplexity="0" sequenceCoverage="100.0" branchCoverage="0" crapScore="0" isConstructor="false" isStatic="false" isGetter="false" isSetter="false">
              <Summary numSequencePoints="3" visitedSequencePoints="3" numBranchPoints="0" visitedBranchPoints="0" sequenceCoverage="100.0" branchCoverage="0" maxCyclomaticComplexity="0" minCyclomaticComplexity="0" maxCrapScore="0" minCrapScore="0" visitedClasses="0" numClasses="0" visitedMethods="1" numMethods="1" />
              <MetadataToken>100663321</MetadataToken>
              <Name>UnityEngine.Vector3 WaspEnemy::directionToTarget(UnityEngine.GameObject)</Name>
              <FileRef uid="11" />
              <SequencePoints>
                <SequencePoint vc="5" uspid="203" ordinal="0" offset="0" sl="74" sc="5" el="74" ec="5" bec="0" bev="0" fileid="11" />
                <SequencePoint vc="5" uspid="204" ordinal="0" offset="1" sl="75" sc="9" el="75" ec="9" bec="0" bev="0" fileid="11" />
                <SequencePoint vc="5" uspid="205" ordinal="0" offset="31" sl="76" sc="5" el="76" ec="5" bec="0" bev="0" fileid="11" />
              </SequencePoints>
              <BranchPoints />
            </Method>
            <Method visited="true" cyclomaticComplexity="0" nPathComplexity="0" sequenceCoverage="100.0" branchCoverage="0" crapScore="0" isConstructor="false" isStatic="false" isGetter="false" isSetter="false">
              <Summary numSequencePoints="3" visitedSequencePoints="3" numBranchPoints="0" visitedBranchPoints="0" sequenceCoverage="100.0" branchCoverage="0" maxCyclomaticComplexity="0" minCyclomaticComplexity="0" maxCrapScore="0" minCrapScore="0" visitedClasses="0" numClasses="0" visitedMethods="1" numMethods="1" />
              <MetadataToken>100663322</MetadataToken>
              <Name>System.Single WaspEnemy::distanceToTarget(UnityEngine.Vector3)</Name>
              <FileRef uid="11" />
              <SequencePoints>
                <SequencePoint vc="5" uspid="206" ordinal="0" offset="0" sl="79" sc="5" el="79" ec="5" bec="0" bev="0" fileid="11" />
                <SequencePoint vc="5" uspid="207" ordinal="0" offset="1" sl="80" sc="9" el="80" ec="9" bec="0" bev="0" fileid="11" />
                <SequencePoint vc="5" uspid="208" ordinal="0" offset="11" sl="81" sc="5" el="81" ec="5" bec="0" bev="0" fileid="11" />
              </SequencePoints>
              <BranchPoints />
            </Method>
            <Method visited="true" cyclomaticComplexity="0" nPathComplexity="0" sequenceCoverage="100.0" branchCoverage="0" crapScore="0" isConstructor="false" isStatic="false" isGetter="false" isSetter="false">
              <Summary numSequencePoints="3" visitedSequencePoints="3" numBranchPoints="0" visitedBranchPoints="0" sequenceCoverage="100.0" branchCoverage="0" maxCyclomaticComplexity="0" minCyclomaticComplexity="0" maxCrapScore="0" minCrapScore="0" visitedClasses="0" numClasses="0" visitedMethods="1" numMethods="1" />
              <MetadataToken>100663323</MetadataToken>
              <Name>System.Void WaspEnemy::setCooldown(System.Single)</Name>
              <FileRef uid="11" />
              <SequencePoints>
                <SequencePoint vc="3" uspid="209" ordinal="0" offset="0" sl="84" sc="5" el="84" ec="5" bec="0" bev="0" fileid="11" />
                <SequencePoint vc="3" uspid="210" ordinal="0" offset="1" sl="85" sc="9" el="85" ec="9" bec="0" bev="0" fileid="11" />
                <SequencePoint vc="3" uspid="211" ordinal="0" offset="8" sl="86" sc="5" el="86" ec="5" bec="0" bev="0" fileid="11" />
              </SequencePoints>
              <BranchPoints />
            </Method>
            <Method visited="false" cyclomaticComplexity="0" nPathComplexity="0" sequenceCoverage="0.0" branchCoverage="0" crapScore="0" isConstructor="false" isStatic="false" isGetter="false" isSetter="false">
              <Summary numSequencePoints="3" visitedSequencePoints="0" numBranchPoints="0" visitedBranchPoints="0" sequenceCoverage="0.0" branchCoverage="0" maxCyclomaticComplexity="0" minCyclomaticComplexity="0" maxCrapScore="0" minCrapScore="0" visitedClasses="0" numClasses="0" visitedMethods="0" numMethods="1" />
              <MetadataToken>100663324</MetadataToken>
              <Name>System.Single WaspEnemy::getCooldown()</Name>
              <FileRef uid="11" />
              <SequencePoints>
                <SequencePoint vc="0" uspid="212" ordinal="0" offset="0" sl="89" sc="0" el="89" ec="0" bec="0" bev="0" fileid="11" />
                <SequencePoint vc="0" uspid="213" ordinal="0" offset="1" sl="90" sc="0" el="90" ec="0" bec="0" bev="0" fileid="11" />
                <SequencePoint vc="0" uspid="214" ordinal="0" offset="10" sl="91" sc="0" el="91" ec="0" bec="0" bev="0" fileid="11" />
              </SequencePoints>
              <BranchPoints />
            </Method>
            <Method visited="true" cyclomaticComplexity="0" nPathComplexity="0" sequenceCoverage="100.0" branchCoverage="0" crapScore="0" isConstructor="false" isStatic="false" isGetter="false" isSetter="false">
              <Summary numSequencePoints="3" visitedSequencePoints="3" numBranchPoints="0" visitedBranchPoints="0" sequenceCoverage="100.0" branchCoverage="0" maxCyclomaticComplexity="0" minCyclomaticComplexity="0" maxCrapScore="0" minCrapScore="0" visitedClasses="0" numClasses="0" visitedMethods="1" numMethods="1" />
              <MetadataToken>100663325</MetadataToken>
              <Name>System.Void WaspEnemy::setRange(System.Single)</Name>
              <FileRef uid="11" />
              <SequencePoints>
                <SequencePoint vc="3" uspid="215" ordinal="0" offset="0" sl="94" sc="5" el="94" ec="5" bec="0" bev="0" fileid="11" />
                <SequencePoint vc="3" uspid="216" ordinal="0" offset="1" sl="95" sc="9" el="95" ec="9" bec="0" bev="0" fileid="11" />
                <SequencePoint vc="3" uspid="217" ordinal="0" offset="8" sl="96" sc="5" el="96" ec="5" bec="0" bev="0" fileid="11" />
              </SequencePoints>
              <BranchPoints />
            </Method>
            <Method visited="false" cyclomaticComplexity="0" nPathComplexity="0" sequenceCoverage="0.0" branchCoverage="0" crapScore="0" isConstructor="false" isStatic="false" isGetter="false" isSetter="false">
              <Summary numSequencePoints="3" visitedSequencePoints="0" numBranchPoints="0" visitedBranchPoints="0" sequenceCoverage="0.0" branchCoverage="0" maxCyclomaticComplexity="0" minCyclomaticComplexity="0" maxCrapScore="0" minCrapScore="0" visitedClasses="0" numClasses="0" visitedMethods="0" numMethods="1" />
              <MetadataToken>100663326</MetadataToken>
              <Name>System.Single WaspEnemy::getRange()</Name>
              <FileRef uid="11" />
              <SequencePoints>
                <SequencePoint vc="0" uspid="218" ordinal="0" offset="0" sl="99" sc="0" el="99" ec="0" bec="0" bev="0" fileid="11" />
                <SequencePoint vc="0" uspid="219" ordinal="0" offset="1" sl="100" sc="0" el="100" ec="0" bec="0" bev="0" fileid="11" />
                <SequencePoint vc="0" uspid="220" ordinal="0" offset="10" sl="101" sc="0" el="101" ec="0" bec="0" bev="0" fileid="11" />
              </SequencePoints>
              <BranchPoints />
            </Method>
            <Method visited="true" cyclomaticComplexity="0" nPathComplexity="0" sequenceCoverage="100.0" branchCoverage="0" crapScore="0" isConstructor="false" isStatic="false" isGetter="false" isSetter="false">
              <Summary numSequencePoints="3" visitedSequencePoints="3" numBranchPoints="0" visitedBranchPoints="0" sequenceCoverage="100.0" branchCoverage="0" maxCyclomaticComplexity="0" minCyclomaticComplexity="0" maxCrapScore="0" minCrapScore="0" visitedClasses="0" numClasses="0" visitedMethods="1" numMethods="1" />
              <MetadataToken>100663327</MetadataToken>
              <Name>System.Void WaspEnemy::setTimer(System.Single)</Name>
              <FileRef uid="11" />
              <SequencePoints>
                <SequencePoint vc="5" uspid="221" ordinal="0" offset="0" sl="104" sc="5" el="104" ec="5" bec="0" bev="0" fileid="11" />
                <SequencePoint vc="5" uspid="222" ordinal="0" offset="1" sl="105" sc="9" el="105" ec="9" bec="0" bev="0" fileid="11" />
                <SequencePoint vc="5" uspid="223" ordinal="0" offset="8" sl="106" sc="5" el="106" ec="5" bec="0" bev="0" fileid="11" />
              </SequencePoints>
              <BranchPoints />
            </Method>
            <Method visited="false" cyclomaticComplexity="0" nPathComplexity="0" sequenceCoverage="0.0" branchCoverage="0" crapScore="0" isConstructor="false" isStatic="false" isGetter="false" isSetter="false">
              <Summary numSequencePoints="3" visitedSequencePoints="0" numBranchPoints="0" visitedBranchPoints="0" sequenceCoverage="0.0" branchCoverage="0" maxCyclomaticComplexity="0" minCyclomaticComplexity="0" maxCrapScore="0" minCrapScore="0" visitedClasses="0" numClasses="0" visitedMethods="0" numMethods="1" />
              <MetadataToken>100663328</MetadataToken>
              <Name>System.Single WaspEnemy::getTimer()</Name>
              <FileRef uid="11" />
              <SequencePoints>
                <SequencePoint vc="0" uspid="224" ordinal="0" offset="0" sl="109" sc="0" el="109" ec="0" bec="0" bev="0" fileid="11" />
                <SequencePoint vc="0" uspid="225" ordinal="0" offset="1" sl="110" sc="0" el="110" ec="0" bec="0" bev="0" fileid="11" />
                <SequencePoint vc="0" uspid="226" ordinal="0" offset="10" sl="111" sc="0" el="111" ec="0" bec="0" bev="0" fileid="11" />
              </SequencePoints>
              <BranchPoints />
            </Method>
            <Method visited="true" cyclomaticComplexity="0" nPathComplexity="0" sequenceCoverage="100.0" branchCoverage="0" crapScore="0" isConstructor="true" isStatic="false" isGetter="false" isSetter="false">
              <Summary numSequencePoints="3" visitedSequencePoints="3" numBranchPoints="0" visitedBranchPoints="0" sequenceCoverage="100.0" branchCoverage="0" maxCyclomaticComplexity="0" minCyclomaticComplexity="0" maxCrapScore="0" minCrapScore="0" visitedClasses="0" numClasses="0" visitedMethods="1" numMethods="1" />
              <MetadataToken>100663329</MetadataToken>
              <Name>WaspEnemy::WaspEnemy()</Name>
              <FileRef uid="11" />
              <SequencePoints>
                <SequencePoint vc="5" uspid="227" ordinal="0" offset="0" sl="10" sc="5" el="10" ec="5" bec="0" bev="0" fileid="11" />
                <SequencePoint vc="5" uspid="228" ordinal="0" offset="11" sl="12" sc="5" el="12" ec="5" bec="0" bev="0" fileid="11" />
                <SequencePoint vc="5" uspid="229" ordinal="0" offset="22" sl="13" sc="5" el="13" ec="5" bec="0" bev="0" fileid="11" />
              </SequencePoints>
              <BranchPoints />
            </Method>
          </Methods>
        </Class>
        <Class>
          <Summary numSequencePoints="12" visitedSequencePoints="0" numBranchPoints="0" visitedBranchPoints="0" sequenceCoverage="0.0" branchCoverage="0.0" maxCyclomaticComplexity="0" minCyclomaticComplexity="0" maxCrapScore="0" minCrapScore="0" visitedClasses="0" numClasses="1" visitedMethods="0" numMethods="1" />
          <FullName>LevelSelectGenerator</FullName>
          <Methods>
            <Method visited="false" cyclomaticComplexity="0" nPathComplexity="0" sequenceCoverage="0.0" branchCoverage="0" crapScore="0" isConstructor="false" isStatic="false" isGetter="false" isSetter="false">
              <Summary numSequencePoints="12" visitedSequencePoints="0" numBranchPoints="0" visitedBranchPoints="0" sequenceCoverage="0.0" branchCoverage="0" maxCyclomaticComplexity="0" minCyclomaticComplexity="0" maxCrapScore="0" minCrapScore="0" visitedClasses="0" numClasses="0" visitedMethods="0" numMethods="1" />
              <MetadataToken>100663330</MetadataToken>
              <Name>System.Void LevelSelectGenerator::Start()</Name>
              <FileRef uid="12" />
              <SequencePoints>
                <SequencePoint vc="0" uspid="230" ordinal="0" offset="0" sl="11" sc="0" el="11" ec="0" bec="0" bev="0" fileid="12" />
                <SequencePoint vc="0" uspid="231" ordinal="0" offset="1" sl="12" sc="0" el="12" ec="0" bec="0" bev="0" fileid="12" />
                <SequencePoint vc="0" uspid="232" ordinal="0" offset="8" sl="14" sc="0" el="14" ec="0" bec="0" bev="0" fileid="12" />
                <SequencePoint vc="0" uspid="233" ordinal="0" offset="18" sl="15" sc="0" el="15" ec="0" bec="0" bev="0" fileid="12" />
                <SequencePoint vc="0" uspid="234" ordinal="0" offset="19" sl="16" sc="0" el="16" ec="0" bec="0" bev="0" fileid="12" />
                <SequencePoint vc="0" uspid="235" ordinal="0" offset="42" sl="17" sc="0" el="17" ec="0" bec="0" bev="0" fileid="12" />
                <SequencePoint vc="0" uspid="236" ordinal="0" offset="77" sl="19" sc="0" el="19" ec="0" bec="0" bev="0" fileid="12" />
                <SequencePoint vc="0" uspid="237" ordinal="0" offset="84" sl="20" sc="0" el="20" ec="0" bec="0" bev="0" fileid="12" />
                <SequencePoint vc="0" uspid="238" ordinal="0" offset="113" sl="26" sc="0" el="26" ec="0" bec="0" bev="0" fileid="12" />
                <SequencePoint vc="0" uspid="239" ordinal="0" offset="114" sl="14" sc="0" el="14" ec="0" bec="0" bev="0" fileid="12" />
                <SequencePoint vc="0" uspid="240" ordinal="0" offset="118" sl="14" sc="0" el="14" ec="0" bec="0" bev="0" fileid="12" />
                <SequencePoint vc="0" uspid="241" ordinal="0" offset="154" sl="27" sc="0" el="27" ec="0" bec="0" bev="0" fileid="12" />
              </SequencePoints>
              <BranchPoints />
            </Method>
          </Methods>
        </Class>
        <Class>
          <Summary numSequencePoints="6" visitedSequencePoints="0" numBranchPoints="0" visitedBranchPoints="0" sequenceCoverage="0.0" branchCoverage="0.0" maxCyclomaticComplexity="0" minCyclomaticComplexity="0" maxCrapScore="0" minCrapScore="0" visitedClasses="0" numClasses="1" visitedMethods="0" numMethods="2" />
          <FullName>Menu</FullName>
          <Methods>
            <Method visited="false" cyclomaticComplexity="0" nPathComplexity="0" sequenceCoverage="0.0" branchCoverage="0" crapScore="0" isConstructor="false" isStatic="false" isGetter="false" isSetter="false">
              <Summary numSequencePoints="3" visitedSequencePoints="0" numBranchPoints="0" visitedBranchPoints="0" sequenceCoverage="0.0" branchCoverage="0" maxCyclomaticComplexity="0" minCyclomaticComplexity="0" maxCrapScore="0" minCrapScore="0" visitedClasses="0" numClasses="0" visitedMethods="0" numMethods="1" />
              <MetadataToken>100663332</MetadataToken>
              <Name>System.Void Menu::ExitGame()</Name>
              <FileRef uid="13" />
              <SequencePoints>
                <SequencePoint vc="0" uspid="242" ordinal="0" offset="0" sl="9" sc="0" el="9" ec="0" bec="0" bev="0" fileid="13" />
                <SequencePoint vc="0" uspid="243" ordinal="0" offset="1" sl="10" sc="0" el="10" ec="0" bec="0" bev="0" fileid="13" />
                <SequencePoint vc="0" uspid="244" ordinal="0" offset="7" sl="11" sc="0" el="11" ec="0" bec="0" bev="0" fileid="13" />
              </SequencePoints>
              <BranchPoints />
            </Method>
            <Method visited="false" cyclomaticComplexity="0" nPathComplexity="0" sequenceCoverage="0.0" branchCoverage="0" crapScore="0" isConstructor="false" isStatic="false" isGetter="false" isSetter="false">
              <Summary numSequencePoints="3" visitedSequencePoints="0" numBranchPoints="0" visitedBranchPoints="0" sequenceCoverage="0.0" branchCoverage="0" maxCyclomaticComplexity="0" minCyclomaticComplexity="0" maxCrapScore="0" minCrapScore="0" visitedClasses="0" numClasses="0" visitedMethods="0" numMethods="1" />
              <MetadataToken>100663333</MetadataToken>
              <Name>System.Void Menu::StartGame()</Name>
              <FileRef uid="13" />
              <SequencePoints>
                <SequencePoint vc="0" uspid="245" ordinal="0" offset="0" sl="14" sc="0" el="14" ec="0" bec="0" bev="0" fileid="13" />
                <SequencePoint vc="0" uspid="246" ordinal="0" offset="1" sl="15" sc="0" el="15" ec="0" bec="0" bev="0" fileid="13" />
                <SequencePoint vc="0" uspid="247" ordinal="0" offset="12" sl="16" sc="0" el="16" ec="0" bec="0" bev="0" fileid="13" />
              </SequencePoints>
              <BranchPoints />
            </Method>
          </Methods>
        </Class>
        <Class>
          <Summary numSequencePoints="4" visitedSequencePoints="0" numBranchPoints="0" visitedBranchPoints="0" sequenceCoverage="0.0" branchCoverage="0.0" maxCyclomaticComplexity="0" minCyclomaticComplexity="0" maxCrapScore="0" minCrapScore="0" visitedClasses="0" numClasses="1" visitedMethods="0" numMethods="1" />
          <FullName>LevelSelectGenerator/&lt;&gt;c__DisplayClass2_0</FullName>
          <Methods>
            <Method visited="false" cyclomaticComplexity="0" nPathComplexity="0" sequenceCoverage="0.0" branchCoverage="0" crapScore="0" isConstructor="false" isStatic="false" isGetter="false" isSetter="false">
              <Summary numSequencePoints="4" visitedSequencePoints="0" numBranchPoints="0" visitedBranchPoints="0" sequenceCoverage="0.0" branchCoverage="0" maxCyclomaticComplexity="0" minCyclomaticComplexity="0" maxCrapScore="0" minCrapScore="0" visitedClasses="0" numClasses="0" visitedMethods="0" numMethods="1" />
              <MetadataToken>100663336</MetadataToken>
              <Name>System.Void LevelSelectGenerator/&lt;&gt;c__DisplayClass2_0::&lt;Start&gt;b__0()</Name>
              <FileRef uid="12" />
              <SequencePoints>
                <SequencePoint vc="0" uspid="248" ordinal="0" offset="0" sl="22" sc="0" el="22" ec="0" bec="0" bev="0" fileid="12" />
                <SequencePoint vc="0" uspid="249" ordinal="0" offset="1" sl="23" sc="0" el="23" ec="0" bec="0" bev="0" fileid="12" />
                <SequencePoint vc="0" uspid="250" ordinal="0" offset="12" sl="24" sc="0" el="24" ec="0" bec="0" bev="0" fileid="12" />
                <SequencePoint vc="0" uspid="251" ordinal="0" offset="23" sl="25" sc="0" el="25" ec="0" bec="0" bev="0" fileid="12" />
              </SequencePoints>
              <BranchPoints />
            </Method>
          </Methods>
        </Class>
      </Classes>
    </Module>
  </Modules>
</CoverageSession>